2025-10-28T06:49:42.568Z	INFO	setup	controller/ramenconfig.go:62	loading Ramen configuration from 	{"file": "/config/ramen_manager_config.yaml"}
2025-10-28T06:49:42.569Z	INFO	setup	cmd/main.go:106	controller type	{"type": "dr-cluster"}
2025-10-28T06:49:42.769Z	INFO	vrg	controller/volumereplicationgroup_controller.go:71	Adding VolumeReplicationGroup controller
2025-10-28T06:49:42.769Z	INFO	vrg	controller/volumereplicationgroup_controller.go:114	VolSync enabled; adding owns and watches
2025-10-28T06:49:42.769Z	INFO	vrg	controller/volumereplicationgroup_controller.go:2313	Kube object protection enabled; watch kube objects requests
2025-10-28T06:49:42.877Z	INFO	setup	cmd/main.go:192	VolSync enabled, setup ReplicationGroupSource and ReplicationGroupDestination controllers
2025-10-28T06:49:42.887Z	INFO	setup	cmd/main.go:296	starting manager
2025-10-28T06:49:42.887Z	INFO	manager/server.go:83	starting server	{"name": "health probe", "addr": "[::]:8081"}
2025-10-28T06:49:42.887Z	INFO	controller-runtime.metrics	server/server.go:208	Starting metrics server
2025-10-28T06:49:42.887Z	INFO	controller-runtime.metrics	server/server.go:247	Serving metrics server	{"bindAddress": "127.0.0.1:9289", "secure": false}
I1028 06:49:43.188267       1 leaderelection.go:257] attempting to acquire leader lease ramen-system/dr-cluster.ramendr.openshift.io...
I1028 06:49:43.199074       1 leaderelection.go:271] successfully acquired lease ramen-system/dr-cluster.ramendr.openshift.io
2025-10-28T06:49:43.199Z	DEBUG	events	recorder/recorder.go:104	ramen-dr-cluster-operator-67dff877f5-j6whc_8fb14325-4f27-4240-a032-ccc530684e3d became leader	{"type": "Normal", "object": {"kind":"Lease","namespace":"ramen-system","name":"dr-cluster.ramendr.openshift.io","uid":"b077912a-2c95-4cc7-9b34-295b19465177","apiVersion":"coordination.k8s.io/v1","resourceVersion":"5038"}, "reason": "LeaderElection"}
2025-10-28T06:49:43.199Z	INFO	controller/controller.go:246	Starting EventSource	{"controller": "protectedvolumereplicationgrouplist", "controllerGroup": "ramendr.openshift.io", "controllerKind": "ProtectedVolumeReplicationGroupList", "source": "kind source: *v1alpha1.ProtectedVolumeReplicationGroupList"}
2025-10-28T06:49:43.199Z	INFO	controller/controller.go:246	Starting EventSource	{"controller": "replicationgroupdestination", "controllerGroup": "ramendr.openshift.io", "controllerKind": "ReplicationGroupDestination", "source": "kind source: *v1.VolumeSnapshot"}
2025-10-28T06:49:43.200Z	INFO	controller/controller.go:246	Starting EventSource	{"controller": "volumereplicationgroup", "controllerGroup": "ramendr.openshift.io", "controllerKind": "VolumeReplicationGroup", "source": "kind source: *v1alpha1.Recipe"}
2025-10-28T06:49:43.200Z	INFO	controller/controller.go:246	Starting EventSource	{"controller": "drclusterconfig", "controllerGroup": "ramendr.openshift.io", "controllerKind": "DRClusterConfig", "source": "kind source: *v1alpha1.NetworkFenceClass"}
2025-10-28T06:49:43.200Z	INFO	controller/controller.go:246	Starting EventSource	{"controller": "volumereplicationgroup", "controllerGroup": "ramendr.openshift.io", "controllerKind": "VolumeReplicationGroup", "source": "kind source: *v1alpha1.VolumeReplicationGroup"}
2025-10-28T06:49:43.200Z	INFO	controller/controller.go:246	Starting EventSource	{"controller": "volumereplicationgroup", "controllerGroup": "ramendr.openshift.io", "controllerKind": "VolumeReplicationGroup", "source": "kind source: *v1alpha1.VolumeReplication"}
2025-10-28T06:49:43.200Z	INFO	controller/controller.go:246	Starting EventSource	{"controller": "volumereplicationgroup", "controllerGroup": "ramendr.openshift.io", "controllerKind": "VolumeReplicationGroup", "source": "kind source: *v1alpha1.VolumeGroupReplication"}
2025-10-28T06:49:43.200Z	INFO	controller/controller.go:246	Starting EventSource	{"controller": "volumereplicationgroup", "controllerGroup": "ramendr.openshift.io", "controllerKind": "VolumeReplicationGroup", "source": "kind source: *v1alpha1.ReplicationDestination"}
2025-10-28T06:49:43.200Z	INFO	controller/controller.go:246	Starting EventSource	{"controller": "volumereplicationgroup", "controllerGroup": "ramendr.openshift.io", "controllerKind": "VolumeReplicationGroup", "source": "kind source: *v1alpha1.ReplicationSource"}
2025-10-28T06:49:43.201Z	INFO	controller/controller.go:246	Starting EventSource	{"controller": "volumereplicationgroup", "controllerGroup": "ramendr.openshift.io", "controllerKind": "VolumeReplicationGroup", "source": "kind source: *v1.Restore"}
2025-10-28T06:49:43.201Z	INFO	controller/controller.go:246	Starting EventSource	{"controller": "volumereplicationgroup", "controllerGroup": "ramendr.openshift.io", "controllerKind": "VolumeReplicationGroup", "source": "kind source: *v1alpha1.ReplicationGroupSource"}
2025-10-28T06:49:43.201Z	INFO	controller/controller.go:246	Starting EventSource	{"controller": "volumereplicationgroup", "controllerGroup": "ramendr.openshift.io", "controllerKind": "VolumeReplicationGroup", "source": "kind source: *v1alpha1.ReplicationGroupDestination"}
2025-10-28T06:49:43.201Z	INFO	controller/controller.go:246	Starting EventSource	{"controller": "volumereplicationgroup", "controllerGroup": "ramendr.openshift.io", "controllerKind": "VolumeReplicationGroup", "source": "kind source: *v1.PersistentVolumeClaim"}
2025-10-28T06:49:43.201Z	INFO	controller/controller.go:246	Starting EventSource	{"controller": "volumereplicationgroup", "controllerGroup": "ramendr.openshift.io", "controllerKind": "VolumeReplicationGroup", "source": "kind source: *v1alpha1.VolumeReplication"}
2025-10-28T06:49:43.201Z	INFO	controller/controller.go:246	Starting EventSource	{"controller": "volumereplicationgroup", "controllerGroup": "ramendr.openshift.io", "controllerKind": "VolumeReplicationGroup", "source": "kind source: *v1alpha1.VolumeGroupReplication"}
2025-10-28T06:49:43.201Z	INFO	controller/controller.go:246	Starting EventSource	{"controller": "volumereplicationgroup", "controllerGroup": "ramendr.openshift.io", "controllerKind": "VolumeReplicationGroup", "source": "kind source: *v1.ConfigMap"}
2025-10-28T06:49:43.201Z	INFO	controller/controller.go:246	Starting EventSource	{"controller": "volumereplicationgroup", "controllerGroup": "ramendr.openshift.io", "controllerKind": "VolumeReplicationGroup", "source": "kind source: *v1alpha1.ReplicationDestination"}
2025-10-28T06:49:43.201Z	INFO	controller/controller.go:246	Starting EventSource	{"controller": "volumereplicationgroup", "controllerGroup": "ramendr.openshift.io", "controllerKind": "VolumeReplicationGroup", "source": "kind source: *v1alpha1.ReplicationSource"}
2025-10-28T06:49:43.201Z	INFO	controller/controller.go:246	Starting EventSource	{"controller": "volumereplicationgroup", "controllerGroup": "ramendr.openshift.io", "controllerKind": "VolumeReplicationGroup", "source": "kind source: *v1alpha1.ReplicationGroupDestination"}
2025-10-28T06:49:43.201Z	INFO	controller/controller.go:246	Starting EventSource	{"controller": "volumereplicationgroup", "controllerGroup": "ramendr.openshift.io", "controllerKind": "VolumeReplicationGroup", "source": "kind source: *v1alpha1.ReplicationGroupSource"}
2025-10-28T06:49:43.201Z	INFO	controller/controller.go:246	Starting EventSource	{"controller": "volumereplicationgroup", "controllerGroup": "ramendr.openshift.io", "controllerKind": "VolumeReplicationGroup", "source": "kind source: *v1.Backup"}
2025-10-28T06:49:43.201Z	INFO	controller/controller.go:246	Starting EventSource	{"controller": "drclusterconfig", "controllerGroup": "ramendr.openshift.io", "controllerKind": "DRClusterConfig", "source": "kind source: *v1.StorageClass"}
2025-10-28T06:49:43.202Z	INFO	controller/controller.go:246	Starting EventSource	{"controller": "replicationgroupsource", "controllerGroup": "ramendr.openshift.io", "controllerKind": "ReplicationGroupSource", "source": "kind source: *v1beta1.VolumeGroupSnapshot"}
2025-10-28T06:49:43.202Z	INFO	controller/controller.go:246	Starting EventSource	{"controller": "drclusterconfig", "controllerGroup": "ramendr.openshift.io", "controllerKind": "DRClusterConfig", "source": "kind source: *v1alpha1.DRClusterConfig"}
2025-10-28T06:49:43.202Z	INFO	controller/controller.go:246	Starting EventSource	{"controller": "replicationgroupsource", "controllerGroup": "ramendr.openshift.io", "controllerKind": "ReplicationGroupSource", "source": "kind source: *v1alpha1.ReplicationGroupSource"}
2025-10-28T06:49:43.202Z	INFO	controller/controller.go:246	Starting EventSource	{"controller": "replicationgroupsource", "controllerGroup": "ramendr.openshift.io", "controllerKind": "ReplicationGroupSource", "source": "kind source: *v1.PersistentVolumeClaim"}
2025-10-28T06:49:43.202Z	INFO	controller/controller.go:246	Starting EventSource	{"controller": "replicationgroupsource", "controllerGroup": "ramendr.openshift.io", "controllerKind": "ReplicationGroupSource", "source": "kind source: *v1alpha1.ReplicationSource"}
2025-10-28T06:49:43.202Z	INFO	controller/controller.go:246	Starting EventSource	{"controller": "drclusterconfig", "controllerGroup": "ramendr.openshift.io", "controllerKind": "DRClusterConfig", "source": "kind source: *v1alpha1.VolumeGroupReplicationClass"}
2025-10-28T06:49:43.202Z	INFO	controller/controller.go:246	Starting EventSource	{"controller": "drclusterconfig", "controllerGroup": "ramendr.openshift.io", "controllerKind": "DRClusterConfig", "source": "kind source: *v1.VolumeSnapshotClass"}
2025-10-28T06:49:43.202Z	INFO	controller/controller.go:246	Starting EventSource	{"controller": "drclusterconfig", "controllerGroup": "ramendr.openshift.io", "controllerKind": "DRClusterConfig", "source": "kind source: *v1alpha1.VolumeReplicationClass"}
2025-10-28T06:49:43.203Z	INFO	controller/controller.go:246	Starting EventSource	{"controller": "drclusterconfig", "controllerGroup": "ramendr.openshift.io", "controllerKind": "DRClusterConfig", "source": "kind source: *v1beta1.VolumeGroupSnapshotClass"}
2025-10-28T06:49:43.203Z	INFO	controller/controller.go:246	Starting EventSource	{"controller": "replicationgroupdestination", "controllerGroup": "ramendr.openshift.io", "controllerKind": "ReplicationGroupDestination", "source": "kind source: *v1alpha1.ReplicationGroupDestination"}
2025-10-28T06:49:43.203Z	INFO	controller/controller.go:246	Starting EventSource	{"controller": "replicationgroupdestination", "controllerGroup": "ramendr.openshift.io", "controllerKind": "ReplicationGroupDestination", "source": "kind source: *v1alpha1.ReplicationDestination"}
2025-10-28T06:49:43.567Z	INFO	pvcmap.VolumeReplicationGroup	controller/volumereplicationgroup_controller.go:193	Create event for PersistentVolumeClaim
2025-10-28T06:49:43.569Z	INFO	configmap.VolumeReplicationGroup	controller/volumereplicationgroup_controller.go:159	Update in ramen-dr-cluster-operator-config configuration map
2025-10-28T06:49:43.668Z	INFO	controller/drclusterconfig_controller.go:464	failed processing DRClusterConfig mapping, failed to find DRClusterConfig
2025-10-28T06:49:43.668Z	INFO	controller/drclusterconfig_controller.go:464	failed processing DRClusterConfig mapping, failed to find DRClusterConfig
2025-10-28T06:49:43.668Z	INFO	controller/drclusterconfig_controller.go:464	failed processing DRClusterConfig mapping, failed to find DRClusterConfig
2025-10-28T06:49:43.668Z	INFO	controller/drclusterconfig_controller.go:464	failed processing DRClusterConfig mapping, failed to find DRClusterConfig
2025-10-28T06:49:43.668Z	INFO	controller/drclusterconfig_controller.go:464	failed processing DRClusterConfig mapping, failed to find DRClusterConfig
2025-10-28T06:49:43.668Z	INFO	controller/drclusterconfig_controller.go:464	failed processing DRClusterConfig mapping, failed to find DRClusterConfig
2025-10-28T06:49:43.668Z	INFO	controller/drclusterconfig_controller.go:464	failed processing DRClusterConfig mapping, failed to find DRClusterConfig
2025-10-28T06:49:43.768Z	INFO	controller/drclusterconfig_controller.go:464	failed processing DRClusterConfig mapping, failed to find DRClusterConfig
2025-10-28T06:49:43.770Z	INFO	controller/drclusterconfig_controller.go:464	failed processing DRClusterConfig mapping, failed to find DRClusterConfig
2025-10-28T06:49:43.770Z	INFO	controller/controller.go:186	Starting Controller	{"controller": "protectedvolumereplicationgrouplist", "controllerGroup": "ramendr.openshift.io", "controllerKind": "ProtectedVolumeReplicationGroupList"}
2025-10-28T06:49:43.770Z	INFO	controller/controller.go:195	Starting workers	{"controller": "protectedvolumereplicationgrouplist", "controllerGroup": "ramendr.openshift.io", "controllerKind": "ProtectedVolumeReplicationGroupList", "worker count": 1}
2025-10-28T06:49:43.865Z	INFO	controller/controller.go:186	Starting Controller	{"controller": "drclusterconfig", "controllerGroup": "ramendr.openshift.io", "controllerKind": "DRClusterConfig"}
2025-10-28T06:49:43.865Z	INFO	controller/controller.go:195	Starting workers	{"controller": "drclusterconfig", "controllerGroup": "ramendr.openshift.io", "controllerKind": "DRClusterConfig", "worker count": 1}
2025-10-28T06:49:43.865Z	INFO	controller/controller.go:186	Starting Controller	{"controller": "volumereplicationgroup", "controllerGroup": "ramendr.openshift.io", "controllerKind": "VolumeReplicationGroup"}
2025-10-28T06:49:43.865Z	INFO	controller/controller.go:195	Starting workers	{"controller": "volumereplicationgroup", "controllerGroup": "ramendr.openshift.io", "controllerKind": "VolumeReplicationGroup", "worker count": 50}
2025-10-28T06:49:43.865Z	INFO	controller/controller.go:186	Starting Controller	{"controller": "replicationgroupdestination", "controllerGroup": "ramendr.openshift.io", "controllerKind": "ReplicationGroupDestination"}
2025-10-28T06:49:43.865Z	INFO	controller/controller.go:195	Starting workers	{"controller": "replicationgroupdestination", "controllerGroup": "ramendr.openshift.io", "controllerKind": "ReplicationGroupDestination", "worker count": 50}
2025-10-28T06:49:43.866Z	INFO	controller/controller.go:186	Starting Controller	{"controller": "replicationgroupsource", "controllerGroup": "ramendr.openshift.io", "controllerKind": "ReplicationGroupSource"}
2025-10-28T06:49:43.866Z	INFO	controller/controller.go:195	Starting workers	{"controller": "replicationgroupsource", "controllerGroup": "ramendr.openshift.io", "controllerKind": "ReplicationGroupSource", "worker count": 50}
2025-10-28T06:49:58.271Z	INFO	configmap.VolumeReplicationGroup	controller/volumereplicationgroup_controller.go:159	Update in ramen-dr-cluster-operator-config configuration map
2025-10-28T06:49:58.271Z	INFO	configmap.VolumeReplicationGroup	controller/volumereplicationgroup_controller.go:159	Update in ramen-dr-cluster-operator-config configuration map
2025-10-28T06:49:59.749Z	INFO	drcc	controller/drclusterconfig_controller.go:76	reconcile enter	{"drcc": "dr1", "rid": "988781b7"}
2025-10-28T06:49:59.898Z	INFO	drcc	controller/drclusterconfig_controller.go:124	reconcile exit	{"drcc": "dr1", "rid": "988781b7"}
2025-10-28T06:49:59.899Z	INFO	drcc	controller/drclusterconfig_controller.go:76	reconcile enter	{"drcc": "dr1", "rid": "b2d66ce7"}
2025-10-28T06:49:59.911Z	INFO	drcc	controller/drclusterconfig_controller.go:124	reconcile exit	{"drcc": "dr1", "rid": "b2d66ce7"}
2025-10-28T06:50:22.043Z	INFO	pvcmap.VolumeReplicationGroup	controller/volumereplicationgroup_controller.go:193	Create event for PersistentVolumeClaim
2025-10-28T06:50:22.079Z	INFO	pvcmap.VolumeReplicationGroup	controller/volumereplicationgroup_controller.go:211	Update event for PersistentVolumeClaim
2025-10-28T06:50:22.079Z	INFO	pvcmap.VolumeReplicationGroup	controller/vrg_volrep.go:487	Skipping handling of VR as PVC is not bound	{"pvc": "e2e-disapp-recipe-hooks-deploy-rbd-busybox/busybox-pvc", "pvcPhase": "Pending"}
2025-10-28T06:50:22.079Z	INFO	pvcmap.VolumeReplicationGroup	controller/volumereplicationgroup_controller.go:282	Not Requeuing	{"pvc": "e2e-disapp-recipe-hooks-deploy-rbd-busybox/busybox-pvc", "oldPVC Phase": "Pending", "newPVC phase": "Pending"}
2025-10-28T06:50:22.773Z	INFO	pvcmap.VolumeReplicationGroup	controller/volumereplicationgroup_controller.go:211	Update event for PersistentVolumeClaim
2025-10-28T06:50:22.774Z	INFO	pvcmap.VolumeReplicationGroup	controller/volumereplicationgroup_controller.go:252	Reconciling due to change in spec	{"pvc": "e2e-disapp-recipe-hooks-deploy-rbd-busybox/busybox-pvc"}
2025-10-28T06:50:22.801Z	INFO	pvcmap.VolumeReplicationGroup	controller/volumereplicationgroup_controller.go:211	Update event for PersistentVolumeClaim
2025-10-28T06:50:22.802Z	INFO	pvcmap.VolumeReplicationGroup	controller/volumereplicationgroup_controller.go:258	Reconciling due to phase change	{"pvc": "e2e-disapp-recipe-hooks-deploy-rbd-busybox/busybox-pvc", "before": "Pending", "after": "Bound"}
2025-10-28T06:58:08.333Z	INFO	pvcmap.VolumeReplicationGroup	controller/volumereplicationgroup_controller.go:211	Update event for PersistentVolumeClaim
2025-10-28T06:58:08.357Z	INFO	pvcmap.VolumeReplicationGroup	controller/vrg_volrep.go:501	Skipping PVC, as it is marked for deletion and not yet protected	{"pvc": "e2e-disapp-recipe-hooks-deploy-rbd-busybox/busybox-pvc"}
2025-10-28T06:58:08.358Z	INFO	pvcmap.VolumeReplicationGroup	controller/volumereplicationgroup_controller.go:282	Not Requeuing	{"pvc": "e2e-disapp-recipe-hooks-deploy-rbd-busybox/busybox-pvc", "oldPVC Phase": "Bound", "newPVC phase": "Bound"}
2025-10-28T06:58:13.140Z	INFO	pvcmap.VolumeReplicationGroup	controller/volumereplicationgroup_controller.go:217	PVC Delete	{"namespace": "e2e-disapp-recipe-hooks-deploy-rbd-busybox", "name": "busybox-pvc"}
2025-10-28T07:14:30.861Z	INFO	pvcmap.VolumeReplicationGroup	controller/volumereplicationgroup_controller.go:193	Create event for PersistentVolumeClaim
2025-10-28T07:14:30.876Z	INFO	pvcmap.VolumeReplicationGroup	controller/volumereplicationgroup_controller.go:211	Update event for PersistentVolumeClaim
2025-10-28T07:14:30.876Z	INFO	pvcmap.VolumeReplicationGroup	controller/vrg_volrep.go:487	Skipping handling of VR as PVC is not bound	{"pvc": "e2e-disapp-recipe-hooks-deploy-rbd-busybox/busybox-pvc", "pvcPhase": "Pending"}
2025-10-28T07:14:30.878Z	INFO	pvcmap.VolumeReplicationGroup	controller/volumereplicationgroup_controller.go:282	Not Requeuing	{"pvc": "e2e-disapp-recipe-hooks-deploy-rbd-busybox/busybox-pvc", "oldPVC Phase": "Pending", "newPVC phase": "Pending"}
2025-10-28T07:14:31.400Z	INFO	pvcmap.VolumeReplicationGroup	controller/volumereplicationgroup_controller.go:211	Update event for PersistentVolumeClaim
2025-10-28T07:14:31.400Z	INFO	pvcmap.VolumeReplicationGroup	controller/volumereplicationgroup_controller.go:252	Reconciling due to change in spec	{"pvc": "e2e-disapp-recipe-hooks-deploy-rbd-busybox/busybox-pvc"}
2025-10-28T07:14:31.420Z	INFO	pvcmap.VolumeReplicationGroup	controller/volumereplicationgroup_controller.go:211	Update event for PersistentVolumeClaim
2025-10-28T07:14:31.421Z	INFO	pvcmap.VolumeReplicationGroup	controller/volumereplicationgroup_controller.go:258	Reconciling due to phase change	{"pvc": "e2e-disapp-recipe-hooks-deploy-rbd-busybox/busybox-pvc", "before": "Pending", "after": "Bound"}
